<?xml version="1.0" encoding="UTF-8"?>
<!-- Generated by org.testng.reporters.JUnitReportReporter -->
<testsuite hostname="DESKTOP-8KFKMLI" failures="0" tests="1" name="canadadrive.SmokeFlow" time="1.692" errors="0" timestamp="2022-02-15T10:45:15 IST" skipped="0">
  <testcase classname="canadadrive.SmokeFlow" name="sampleFlow" time="1.692"/>
  <system-out/>
</testsuite> <!-- canadadrive.SmokeFlow -->
