<?xml version="1.0" encoding="UTF-8"?>
<!-- Generated by org.testng.reporters.JUnitReportReporter -->
<testsuite hostname="DESKTOP-8KFKMLI" failures="0" tests="1" name="canadadrive.SmokeFlow" time="3.205" errors="0" timestamp="2022-02-20T21:37:38 IST" skipped="0">
  <testcase classname="canadadrive.SmokeFlow" name="sampleFlow" time="3.205"/>
</testsuite> <!-- canadadrive.SmokeFlow -->
